[debug] [2024-04-27T10:50:07.460Z] ----------------------------------------------------------------------
[debug] [2024-04-27T10:50:07.465Z] Command:       /home/patryk/.nvm/versions/node/v20.11.0/bin/node /home/patryk/.local/share/pnpm/global/5/node_modules/firebase-tools/lib/bin/firebase.js deploy --only functions
[debug] [2024-04-27T10:50:07.466Z] CLI Version:   13.7.2
[debug] [2024-04-27T10:50:07.467Z] Platform:      linux
[debug] [2024-04-27T10:50:07.467Z] Node Version:  v20.11.0
[debug] [2024-04-27T10:50:07.467Z] Time:          Sat Apr 27 2024 12:50:07 GMT+0200 (Central European Summer Time)
[debug] [2024-04-27T10:50:07.467Z] ----------------------------------------------------------------------
[debug] 
[debug] [2024-04-27T10:50:07.609Z] > command requires scopes: ["email","openid","https://www.googleapis.com/auth/cloudplatformprojects.readonly","https://www.googleapis.com/auth/firebase","https://www.googleapis.com/auth/cloud-platform"]
[debug] [2024-04-27T10:50:07.610Z] > authorizing via signed-in user (prusakpat@gmail.com)
[debug] [2024-04-27T10:50:07.611Z] [iam] checking project notesreader11 for permissions ["cloudfunctions.functions.create","cloudfunctions.functions.delete","cloudfunctions.functions.get","cloudfunctions.functions.list","cloudfunctions.functions.update","cloudfunctions.operations.get","firebase.projects.get"]
[debug] [2024-04-27T10:50:07.614Z] >>> [apiv2][query] POST https://cloudresourcemanager.googleapis.com/v1/projects/notesreader11:testIamPermissions [none]
[debug] [2024-04-27T10:50:07.614Z] >>> [apiv2][(partial)header] POST https://cloudresourcemanager.googleapis.com/v1/projects/notesreader11:testIamPermissions x-goog-quota-user=projects/notesreader11
[debug] [2024-04-27T10:50:07.614Z] >>> [apiv2][body] POST https://cloudresourcemanager.googleapis.com/v1/projects/notesreader11:testIamPermissions {"permissions":["cloudfunctions.functions.create","cloudfunctions.functions.delete","cloudfunctions.functions.get","cloudfunctions.functions.list","cloudfunctions.functions.update","cloudfunctions.operations.get","firebase.projects.get"]}
[debug] [2024-04-27T10:50:08.526Z] <<< [apiv2][status] POST https://cloudresourcemanager.googleapis.com/v1/projects/notesreader11:testIamPermissions 200
[debug] [2024-04-27T10:50:08.528Z] <<< [apiv2][body] POST https://cloudresourcemanager.googleapis.com/v1/projects/notesreader11:testIamPermissions {"permissions":["cloudfunctions.functions.create","cloudfunctions.functions.delete","cloudfunctions.functions.get","cloudfunctions.functions.list","cloudfunctions.functions.update","cloudfunctions.operations.get","firebase.projects.get"]}
[debug] [2024-04-27T10:50:08.529Z] >>> [apiv2][query] POST https://iam.googleapis.com/v1/projects/notesreader11/serviceAccounts/notesreader11@appspot.gserviceaccount.com:testIamPermissions [none]
[debug] [2024-04-27T10:50:08.529Z] >>> [apiv2][body] POST https://iam.googleapis.com/v1/projects/notesreader11/serviceAccounts/notesreader11@appspot.gserviceaccount.com:testIamPermissions {"permissions":["iam.serviceAccounts.actAs"]}
[debug] [2024-04-27T10:50:09.370Z] <<< [apiv2][status] POST https://iam.googleapis.com/v1/projects/notesreader11/serviceAccounts/notesreader11@appspot.gserviceaccount.com:testIamPermissions 200
[debug] [2024-04-27T10:50:09.370Z] <<< [apiv2][body] POST https://iam.googleapis.com/v1/projects/notesreader11/serviceAccounts/notesreader11@appspot.gserviceaccount.com:testIamPermissions {"permissions":["iam.serviceAccounts.actAs"]}
[info] 
[info] === Deploying to 'notesreader11'...
[info] 
[info] i  deploying functions 
[info] Running command: npm --prefix "$RESOURCE_DIR" run build
[info] ✔  functions: Finished running predeploy script. 
[debug] [2024-04-27T10:50:15.736Z] >>> [apiv2][query] GET https://firebase.googleapis.com/v1beta1/projects/notesreader11 [none]
[debug] [2024-04-27T10:50:16.131Z] <<< [apiv2][status] GET https://firebase.googleapis.com/v1beta1/projects/notesreader11 200
[debug] [2024-04-27T10:50:16.132Z] <<< [apiv2][body] GET https://firebase.googleapis.com/v1beta1/projects/notesreader11 {"projectId":"notesreader11","projectNumber":"695896224174","displayName":"notesreader11","name":"projects/notesreader11","resources":{"hostingSite":"notesreader11"},"state":"ACTIVE","etag":"1_a7ba8a71-8d93-4ca7-97e4-b2f3594c232a"}
[info] i  functions: preparing codebase default for deployment 
[info] i  functions: ensuring required API cloudfunctions.googleapis.com is enabled... 
[info] i  functions: ensuring required API cloudbuild.googleapis.com is enabled... 
[info] i  artifactregistry: ensuring required API artifactregistry.googleapis.com is enabled... 
[debug] [2024-04-27T10:50:16.137Z] >>> [apiv2][query] GET https://serviceusage.googleapis.com/v1/projects/notesreader11/services/cloudfunctions.googleapis.com [none]
[debug] [2024-04-27T10:50:16.138Z] >>> [apiv2][(partial)header] GET https://serviceusage.googleapis.com/v1/projects/notesreader11/services/cloudfunctions.googleapis.com x-goog-quota-user=projects/notesreader11
[debug] [2024-04-27T10:50:16.142Z] >>> [apiv2][query] GET https://serviceusage.googleapis.com/v1/projects/notesreader11/services/runtimeconfig.googleapis.com [none]
[debug] [2024-04-27T10:50:16.143Z] >>> [apiv2][(partial)header] GET https://serviceusage.googleapis.com/v1/projects/notesreader11/services/runtimeconfig.googleapis.com x-goog-quota-user=projects/notesreader11
[debug] [2024-04-27T10:50:16.148Z] >>> [apiv2][query] GET https://serviceusage.googleapis.com/v1/projects/notesreader11/services/cloudbuild.googleapis.com [none]
[debug] [2024-04-27T10:50:16.148Z] >>> [apiv2][(partial)header] GET https://serviceusage.googleapis.com/v1/projects/notesreader11/services/cloudbuild.googleapis.com x-goog-quota-user=projects/notesreader11
[debug] [2024-04-27T10:50:16.153Z] >>> [apiv2][query] GET https://serviceusage.googleapis.com/v1/projects/notesreader11/services/artifactregistry.googleapis.com [none]
[debug] [2024-04-27T10:50:16.154Z] >>> [apiv2][(partial)header] GET https://serviceusage.googleapis.com/v1/projects/notesreader11/services/artifactregistry.googleapis.com x-goog-quota-user=projects/notesreader11
[debug] [2024-04-27T10:50:17.189Z] <<< [apiv2][status] GET https://serviceusage.googleapis.com/v1/projects/notesreader11/services/cloudfunctions.googleapis.com 200
[debug] [2024-04-27T10:50:17.189Z] <<< [apiv2][body] GET https://serviceusage.googleapis.com/v1/projects/notesreader11/services/cloudfunctions.googleapis.com [omitted]
[info] ✔  functions: required API cloudfunctions.googleapis.com is enabled 
[debug] [2024-04-27T10:50:17.210Z] <<< [apiv2][status] GET https://serviceusage.googleapis.com/v1/projects/notesreader11/services/artifactregistry.googleapis.com 200
[debug] [2024-04-27T10:50:17.210Z] <<< [apiv2][body] GET https://serviceusage.googleapis.com/v1/projects/notesreader11/services/artifactregistry.googleapis.com [omitted]
[info] ✔  artifactregistry: required API artifactregistry.googleapis.com is enabled 
[debug] [2024-04-27T10:50:17.212Z] <<< [apiv2][status] GET https://serviceusage.googleapis.com/v1/projects/notesreader11/services/runtimeconfig.googleapis.com 200
[debug] [2024-04-27T10:50:17.212Z] <<< [apiv2][body] GET https://serviceusage.googleapis.com/v1/projects/notesreader11/services/runtimeconfig.googleapis.com [omitted]
[debug] [2024-04-27T10:50:17.213Z] <<< [apiv2][status] GET https://serviceusage.googleapis.com/v1/projects/notesreader11/services/cloudbuild.googleapis.com 200
[debug] [2024-04-27T10:50:17.214Z] <<< [apiv2][body] GET https://serviceusage.googleapis.com/v1/projects/notesreader11/services/cloudbuild.googleapis.com [omitted]
[info] ✔  functions: required API cloudbuild.googleapis.com is enabled 
[debug] [2024-04-27T10:50:17.214Z] >>> [apiv2][query] GET https://firebase.googleapis.com/v1beta1/projects/notesreader11/adminSdkConfig [none]
[debug] [2024-04-27T10:50:17.869Z] <<< [apiv2][status] GET https://firebase.googleapis.com/v1beta1/projects/notesreader11/adminSdkConfig 200
[debug] [2024-04-27T10:50:17.869Z] <<< [apiv2][body] GET https://firebase.googleapis.com/v1beta1/projects/notesreader11/adminSdkConfig {"projectId":"notesreader11","storageBucket":"notesreader11.appspot.com"}
[debug] [2024-04-27T10:50:17.870Z] >>> [apiv2][query] GET https://runtimeconfig.googleapis.com/v1beta1/projects/notesreader11/configs [none]
[debug] [2024-04-27T10:50:18.249Z] <<< [apiv2][status] GET https://runtimeconfig.googleapis.com/v1beta1/projects/notesreader11/configs 200
[debug] [2024-04-27T10:50:18.250Z] <<< [apiv2][body] GET https://runtimeconfig.googleapis.com/v1beta1/projects/notesreader11/configs {}
[debug] [2024-04-27T10:50:18.255Z] Validating nodejs source
[debug] [2024-04-27T10:50:19.772Z] > [functions] package.json contents: {
  "name": "functions",
  "scripts": {
    "lint": "eslint --ext .js,.ts .",
    "build": "tsc",
    "build:watch": "tsc --watch",
    "serve": "npm run build && firebase emulators:start --only functions",
    "shell": "npm run build && firebase functions:shell",
    "start": "npm run shell",
    "deploy": "firebase deploy --only functions",
    "logs": "firebase functions:log"
  },
  "engines": {
    "node": "18"
  },
  "main": "lib/index.js",
  "dependencies": {
    "firebase-admin": "^11.8.0",
    "firebase-functions": "^4.3.1"
  },
  "devDependencies": {
    "@typescript-eslint/eslint-plugin": "^5.12.0",
    "@typescript-eslint/parser": "^5.12.0",
    "eslint": "^8.9.0",
    "eslint-config-google": "^0.14.0",
    "eslint-plugin-import": "^2.25.4",
    "firebase-functions-test": "^3.1.0",
    "typescript": "^4.9.0"
  },
  "private": true
}
[debug] [2024-04-27T10:50:19.772Z] Building nodejs source
[info] i  functions: Loading and analyzing source code for codebase default to determine what to deploy 
[debug] [2024-04-27T10:50:19.775Z] Could not find functions.yaml. Must use http discovery
[debug] [2024-04-27T10:50:19.785Z] Found firebase-functions binary at '/home/patryk/Documents/Repos/uni/NotesReader/functions/node_modules/.bin/firebase-functions'
[info] Serving at port 8473

[debug] [2024-04-27T10:50:20.411Z] Got response from /__/functions.yaml {"endpoints":{"extractText":{"availableMemoryMb":null,"timeoutSeconds":null,"minInstances":null,"maxInstances":null,"ingressSettings":null,"concurrency":null,"serviceAccountEmail":null,"vpc":null,"platform":"gcfv2","region":["europe-west1"],"labels":{},"httpsTrigger":{},"entryPoint":"extractText"}},"specVersion":"v1alpha1","requiredAPIs":[]}
[info] i  functions: preparing functions directory for uploading... 
[info] i  functions: packaged /home/patryk/Documents/Repos/uni/NotesReader/functions (87.99 KB) for uploading 
[debug] [2024-04-27T10:50:25.594Z] >>> [apiv2][query] GET https://cloudfunctions.googleapis.com/v1/projects/notesreader11/locations/-/functions [none]
[debug] [2024-04-27T10:50:26.273Z] <<< [apiv2][status] GET https://cloudfunctions.googleapis.com/v1/projects/notesreader11/locations/-/functions 200
[debug] [2024-04-27T10:50:26.274Z] <<< [apiv2][body] GET https://cloudfunctions.googleapis.com/v1/projects/notesreader11/locations/-/functions {}
[debug] [2024-04-27T10:50:26.279Z] >>> [apiv2][query] GET https://cloudfunctions.googleapis.com/v2/projects/notesreader11/locations/-/functions filter=environment%3D%22GEN_2%22
[debug] [2024-04-27T10:50:27.275Z] <<< [apiv2][status] GET https://cloudfunctions.googleapis.com/v2/projects/notesreader11/locations/-/functions 200
[debug] [2024-04-27T10:50:27.276Z] <<< [apiv2][body] GET https://cloudfunctions.googleapis.com/v2/projects/notesreader11/locations/-/functions {"functions":[{"name":"projects/notesreader11/locations/europe-central2/functions/HttpFunction","description":"a new function","buildConfig":{"build":"projects/695896224174/locations/europe-central2/builds/1ce8eac6-71c9-4f0a-be91-918cb0e07fa0","runtime":"nodejs20","entryPoint":"extractText","source":{"storageSource":{"bucket":"gcf-v2-sources-695896224174-europe-central2","object":"HttpFunction/function-source.zip","generation":"1714202278784106"}},"environmentVariables":{"BUILD_CONFIG_TEST":"build_test"},"dockerRepository":"projects/notesreader11/locations/europe-central2/repositories/gcf-artifacts","sourceProvenance":{"resolvedStorageSource":{"bucket":"gcf-v2-sources-695896224174-europe-central2","object":"HttpFunction/function-source.zip","generation":"1714202278784106"}},"dockerRegistry":"ARTIFACT_REGISTRY","automaticUpdatePolicy":{}},"serviceConfig":{"service":"projects/notesreader11/locations/europe-central2/services/httpfunction","timeoutSeconds":60,"environmentVariables":{"SERVICE_CONFIG_TEST":"config_test"},"maxInstanceCount":3,"ingressSettings":"ALLOW_INTERNAL_ONLY","uri":"https://httpfunction-3vheoxa7da-lm.a.run.app","serviceAccountEmail":"gcf-sa@notesreader11.iam.gserviceaccount.com","minInstanceCount":1,"availableMemory":"256M","allTrafficOnLatestRevision":true,"revision":"httpfunction-00001-yif","maxInstanceRequestConcurrency":1,"availableCpu":"0.1666"},"eventTrigger":{"trigger":"projects/notesreader11/locations/europe-central2/triggers/httpfunction-944675","triggerRegion":"europe-central2","eventType":"google.cloud.storage.object.v1.finalized","eventFilters":[{"attribute":"bucket","value":"notesreader11.appspot.com"}],"pubsubTopic":"projects/notesreader11/topics/eventarc-europe-central2-httpfunction-944675-448","serviceAccountEmail":"gcf-sa@notesreader11.iam.gserviceaccount.com","retryPolicy":"RETRY_POLICY_RETRY"},"state":"ACTIVE","updateTime":"2024-04-27T07:19:43.016258907Z","environment":"GEN_2","url":"https://europe-central2-notesreader11.cloudfunctions.net/HttpFunction","createTime":"2024-04-27T07:17:59.255535895Z"},{"name":"projects/notesreader11/locations/europe-central2/functions/function-v2","description":"http trigerred ocr function","buildConfig":{"build":"projects/695896224174/locations/europe-central2/builds/1752af63-7577-4bbd-93bf-65f05f789b88","runtime":"nodejs20","entryPoint":"extractText","source":{"storageSource":{"bucket":"gcf-v2-sources-695896224174-europe-central2","object":"function-v2/function-source.zip","generation":"1714203053041512"}},"dockerRepository":"projects/notesreader11/locations/europe-central2/repositories/gcf-artifacts","sourceProvenance":{"resolvedStorageSource":{"bucket":"gcf-v2-sources-695896224174-europe-central2","object":"function-v2/function-source.zip","generation":"1714203053041512"}},"dockerRegistry":"ARTIFACT_REGISTRY","automaticUpdatePolicy":{}},"serviceConfig":{"service":"projects/notesreader11/locations/europe-central2/services/function-v2","timeoutSeconds":60,"maxInstanceCount":100,"ingressSettings":"ALLOW_ALL","uri":"https://function-v2-3vheoxa7da-lm.a.run.app","serviceAccountEmail":"695896224174-compute@developer.gserviceaccount.com","availableMemory":"256M","allTrafficOnLatestRevision":true,"revision":"function-v2-00001-vew","maxInstanceRequestConcurrency":1,"availableCpu":"0.1666"},"state":"ACTIVE","updateTime":"2024-04-27T07:32:01.342563213Z","environment":"GEN_2","url":"https://europe-central2-notesreader11.cloudfunctions.net/function-v2","createTime":"2024-04-27T07:30:53.392081403Z"},{"name":"projects/notesreader11/locations/europe-west1/functions/ssrnotesreader11","buildConfig":{"build":"projects/695896224174/locations/europe-west1/builds/d1e6ecc4-4783-4ab3-993c-9bc40220300d","runtime":"nodejs20","entryPoint":"ssrnotesreader11","source":{"storageSource":{"bucket":"gcf-v2-sources-695896224174-europe-west1","object":"ssrnotesreader11/function-source.zip","generation":"1714203254825454"}},"environmentVariables":{"GOOGLE_NODE_RUN_SCRIPTS":""},"dockerRepository":"projects/notesreader11/locations/europe-west1/repositories/gcf-artifacts","sourceProvenance":{"resolvedStorageSource":{"bucket":"gcf-v2-sources-695896224174-europe-west1","object":"ssrnotesreader11/function-source.zip","generation":"1714203254825454"}},"dockerRegistry":"ARTIFACT_REGISTRY"},"serviceConfig":{"service":"projects/notesreader11/locations/europe-west1/services/ssrnotesreader11","timeoutSeconds":60,"environmentVariables":{"VITE_FIREBASE_API_KEY":"AIzaSyDyHiZr5WZrd0c_ZO_1FGSUgGC3Jb5eMqU","VITE_FIREBASE_APP_ID":"1:695896224174:web:5c84ecd1dc1e697d0d983f","VITE_FIREBASE_USE_EMULATOR":"false","VITE_FIREBASE_AUTH_DOMAIN":"notesreader11.firebaseapp.com","VITE_STORAGE_BUCKET_DEFUALT":"notesreader11.appspot.com","VITE_HTTPFUNCTION_URL":"https://httpfunction-3vheoxa7da-lm.a.run.app","__FIREBASE_FRAMEWORKS_ENTRY__":"sveltekit","__FIREBASE_DEFAULTS__":"{\"config\":{\"projectId\":\"notesreader11\",\"appId\":\"1:695896224174:web:5c84ecd1dc1e697d0d983f\",\"storageBucket\":\"notesreader11.appspot.com\",\"apiKey\":\"AIzaSyDyHiZr5WZrd0c_ZO_1FGSUgGC3Jb5eMqU\",\"authDomain\":\"notesreader11.firebaseapp.com\",\"messagingSenderId\":\"695896224174\"},\"_authTokenSyncURL\":\"/__session\"}","FIREBASE_CONFIG":"{\"projectId\":\"notesreader11\",\"storageBucket\":\"notesreader11.appspot.com\"}","GCLOUD_PROJECT":"notesreader11","EVENTARC_CLOUD_EVENT_SOURCE":"projects/notesreader11/locations/europe-west1/services/ssrnotesreader11","FUNCTION_TARGET":"ssrnotesreader11"},"maxInstanceCount":100,"ingressSettings":"ALLOW_ALL","uri":"https://ssrnotesreader11-3vheoxa7da-ew.a.run.app","serviceAccountEmail":"695896224174-compute@developer.gserviceaccount.com","availableMemory":"256Mi","allTrafficOnLatestRevision":true,"revision":"ssrnotesreader11-00009-poc","maxInstanceRequestConcurrency":80,"availableCpu":"1"},"state":"ACTIVE","updateTime":"2024-04-27T07:35:33.079419879Z","labels":{"firebase-functions-hash":"ea859d4f6ac027864c912c78394721795e4e26e1","deployment-tool":"cli-firebase","firebase-functions-codebase":"firebase-frameworks-notesreader11"},"environment":"GEN_2","url":"https://europe-west1-notesreader11.cloudfunctions.net/ssrnotesreader11","createTime":"2024-04-23T17:10:13.801075084Z"},{"name":"projects/notesreader11/locations/us-central1/functions/extractText","buildConfig":{"build":"projects/695896224174/locations/us-central1/builds/10639c8a-3b2a-48c2-8693-6e1968f26674","runtime":"nodejs18","entryPoint":"extractText","source":{"storageSource":{"bucket":"gcf-v2-sources-695896224174-us-central1","object":"extractText/function-source.zip","generation":"1714214343625461"}},"environmentVariables":{"GOOGLE_NODE_RUN_SCRIPTS":""},"dockerRepository":"projects/notesreader11/locations/us-central1/repositories/gcf-artifacts","sourceProvenance":{"resolvedStorageSource":{"bucket":"gcf-v2-sources-695896224174-us-central1","object":"extractText/function-source.zip","generation":"1714214343625461"}},"dockerRegistry":"ARTIFACT_REGISTRY"},"serviceConfig":{"service":"projects/notesreader11/locations/us-central1/services/extracttext","timeoutSeconds":60,"environmentVariables":{"FIREBASE_CONFIG":"{\"projectId\":\"notesreader11\",\"storageBucket\":\"notesreader11.appspot.com\"}","GCLOUD_PROJECT":"notesreader11","EVENTARC_CLOUD_EVENT_SOURCE":"projects/notesreader11/locations/us-central1/services/extractText","FUNCTION_TARGET":"extractText"},"maxInstanceCount":100,"ingressSettings":"ALLOW_ALL","uri":"https://extracttext-3vheoxa7da-uc.a.run.app","serviceAccountEmail":"695896224174-compute@developer.gserviceaccount.com","availableMemory":"256Mi","allTrafficOnLatestRevision":true,"revision":"extracttext-00001-xas","maxInstanceRequestConcurrency":80,"availableCpu":"1"},"state":"ACTIVE","updateTime":"2024-04-27T10:40:32.394930696Z","labels":{"deployment-tool":"cli-firebase","firebase-functions-hash":"3b0ed003879ea65407b7c9e955850a936aa26f39"},"environment":"GEN_2","url":"https://us-central1-notesreader11.cloudfunctions.net/extractText","createTime":"2024-04-27T10:39:03.970926999Z"}]}
[debug] [2024-04-27T10:50:27.280Z] Converting a function to an endpoint with an invalid memory option 244.140625
[debug] [2024-04-27T10:50:27.281Z] Converting a function to an endpoint with an invalid memory option 244.140625
[info] i  functions: ensuring required API run.googleapis.com is enabled... 
[info] i  functions: ensuring required API eventarc.googleapis.com is enabled... 
[info] i  functions: ensuring required API pubsub.googleapis.com is enabled... 
[info] i  functions: ensuring required API storage.googleapis.com is enabled... 
[debug] [2024-04-27T10:50:27.296Z] >>> [apiv2][query] GET https://serviceusage.googleapis.com/v1/projects/notesreader11/services/run.googleapis.com [none]
[debug] [2024-04-27T10:50:27.297Z] >>> [apiv2][(partial)header] GET https://serviceusage.googleapis.com/v1/projects/notesreader11/services/run.googleapis.com x-goog-quota-user=projects/notesreader11
[debug] [2024-04-27T10:50:27.308Z] >>> [apiv2][query] GET https://serviceusage.googleapis.com/v1/projects/notesreader11/services/eventarc.googleapis.com [none]
[debug] [2024-04-27T10:50:27.308Z] >>> [apiv2][(partial)header] GET https://serviceusage.googleapis.com/v1/projects/notesreader11/services/eventarc.googleapis.com x-goog-quota-user=projects/notesreader11
[debug] [2024-04-27T10:50:27.320Z] >>> [apiv2][query] GET https://serviceusage.googleapis.com/v1/projects/notesreader11/services/pubsub.googleapis.com [none]
[debug] [2024-04-27T10:50:27.321Z] >>> [apiv2][(partial)header] GET https://serviceusage.googleapis.com/v1/projects/notesreader11/services/pubsub.googleapis.com x-goog-quota-user=projects/notesreader11
[debug] [2024-04-27T10:50:27.331Z] >>> [apiv2][query] GET https://serviceusage.googleapis.com/v1/projects/notesreader11/services/storage.googleapis.com [none]
[debug] [2024-04-27T10:50:27.333Z] >>> [apiv2][(partial)header] GET https://serviceusage.googleapis.com/v1/projects/notesreader11/services/storage.googleapis.com x-goog-quota-user=projects/notesreader11
[debug] [2024-04-27T10:50:28.305Z] <<< [apiv2][status] GET https://serviceusage.googleapis.com/v1/projects/notesreader11/services/pubsub.googleapis.com 200
[debug] [2024-04-27T10:50:28.305Z] <<< [apiv2][body] GET https://serviceusage.googleapis.com/v1/projects/notesreader11/services/pubsub.googleapis.com [omitted]
[info] ✔  functions: required API pubsub.googleapis.com is enabled 
[debug] [2024-04-27T10:50:28.320Z] <<< [apiv2][status] GET https://serviceusage.googleapis.com/v1/projects/notesreader11/services/eventarc.googleapis.com 200
[debug] [2024-04-27T10:50:28.320Z] <<< [apiv2][body] GET https://serviceusage.googleapis.com/v1/projects/notesreader11/services/eventarc.googleapis.com [omitted]
[info] ✔  functions: required API eventarc.googleapis.com is enabled 
[debug] [2024-04-27T10:50:28.336Z] <<< [apiv2][status] GET https://serviceusage.googleapis.com/v1/projects/notesreader11/services/run.googleapis.com 200
[debug] [2024-04-27T10:50:28.337Z] <<< [apiv2][body] GET https://serviceusage.googleapis.com/v1/projects/notesreader11/services/run.googleapis.com [omitted]
[info] ✔  functions: required API run.googleapis.com is enabled 
[debug] [2024-04-27T10:50:28.339Z] <<< [apiv2][status] GET https://serviceusage.googleapis.com/v1/projects/notesreader11/services/storage.googleapis.com 200
[debug] [2024-04-27T10:50:28.339Z] <<< [apiv2][body] GET https://serviceusage.googleapis.com/v1/projects/notesreader11/services/storage.googleapis.com [omitted]
[info] ✔  functions: required API storage.googleapis.com is enabled 
[info] i  functions: generating the service identity for pubsub.googleapis.com... 
[info] i  functions: generating the service identity for eventarc.googleapis.com... 
[debug] [2024-04-27T10:50:28.341Z] >>> [apiv2][query] POST https://serviceusage.googleapis.com/v1beta1/projects/695896224174/services/pubsub.googleapis.com:generateServiceIdentity [none]
[debug] [2024-04-27T10:50:28.342Z] >>> [apiv2][query] POST https://serviceusage.googleapis.com/v1beta1/projects/695896224174/services/eventarc.googleapis.com:generateServiceIdentity [none]
[debug] [2024-04-27T10:50:29.353Z] <<< [apiv2][status] POST https://serviceusage.googleapis.com/v1beta1/projects/695896224174/services/eventarc.googleapis.com:generateServiceIdentity 200
[debug] [2024-04-27T10:50:29.353Z] <<< [apiv2][body] POST https://serviceusage.googleapis.com/v1beta1/projects/695896224174/services/eventarc.googleapis.com:generateServiceIdentity {"name":"operations/finished.DONE_OPERATION","done":true,"response":{"@type":"type.googleapis.com/google.api.serviceusage.v1beta1.ServiceIdentity","email":"service-695896224174@gcp-sa-eventarc.iam.gserviceaccount.com","uniqueId":"111939480187322404932"}}
[debug] [2024-04-27T10:50:29.547Z] <<< [apiv2][status] POST https://serviceusage.googleapis.com/v1beta1/projects/695896224174/services/pubsub.googleapis.com:generateServiceIdentity 200
[debug] [2024-04-27T10:50:29.548Z] <<< [apiv2][body] POST https://serviceusage.googleapis.com/v1beta1/projects/695896224174/services/pubsub.googleapis.com:generateServiceIdentity {"name":"operations/finished.DONE_OPERATION","done":true,"response":{"@type":"type.googleapis.com/google.api.serviceusage.v1beta1.ServiceIdentity","email":"service-695896224174@gcp-sa-pubsub.iam.gserviceaccount.com","uniqueId":"113229872789151383674"}}
[debug] [2024-04-27T10:50:29.554Z] >>> [apiv2][query] GET https://firebase.googleapis.com/v1beta1/projects/notesreader11 [none]
[debug] [2024-04-27T10:50:29.953Z] <<< [apiv2][status] GET https://firebase.googleapis.com/v1beta1/projects/notesreader11 200
[debug] [2024-04-27T10:50:29.954Z] <<< [apiv2][body] GET https://firebase.googleapis.com/v1beta1/projects/notesreader11 {"projectId":"notesreader11","projectNumber":"695896224174","displayName":"notesreader11","name":"projects/notesreader11","resources":{"hostingSite":"notesreader11"},"state":"ACTIVE","etag":"1_a7ba8a71-8d93-4ca7-97e4-b2f3594c232a"}
[debug] [2024-04-27T10:50:29.958Z] [functions] found 1 new HTTP functions, testing setIamPolicy permission...
[debug] [2024-04-27T10:50:29.959Z] >>> [apiv2][query] POST https://cloudresourcemanager.googleapis.com/v1/projects/notesreader11:testIamPermissions [none]
[debug] [2024-04-27T10:50:29.960Z] >>> [apiv2][(partial)header] POST https://cloudresourcemanager.googleapis.com/v1/projects/notesreader11:testIamPermissions x-goog-quota-user=projects/notesreader11
[debug] [2024-04-27T10:50:29.960Z] >>> [apiv2][body] POST https://cloudresourcemanager.googleapis.com/v1/projects/notesreader11:testIamPermissions {"permissions":["cloudfunctions.functions.setIamPolicy"]}
[debug] [2024-04-27T10:50:30.773Z] <<< [apiv2][status] POST https://cloudresourcemanager.googleapis.com/v1/projects/notesreader11:testIamPermissions 200
[debug] [2024-04-27T10:50:30.773Z] <<< [apiv2][body] POST https://cloudresourcemanager.googleapis.com/v1/projects/notesreader11:testIamPermissions {"permissions":["cloudfunctions.functions.setIamPolicy"]}
[debug] [2024-04-27T10:50:30.774Z] [functions] found setIamPolicy permission, proceeding with deploy
[debug] [2024-04-27T10:50:30.778Z] >>> [apiv2][query] POST https://cloudfunctions.googleapis.com/v2/projects/notesreader11/locations/europe-west1/functions:generateUploadUrl [none]
[debug] [2024-04-27T10:50:30.982Z] <<< [apiv2][status] POST https://cloudfunctions.googleapis.com/v2/projects/notesreader11/locations/europe-west1/functions:generateUploadUrl 200
[debug] [2024-04-27T10:50:30.982Z] <<< [apiv2][body] POST https://cloudfunctions.googleapis.com/v2/projects/notesreader11/locations/europe-west1/functions:generateUploadUrl {"uploadUrl":"https://storage.googleapis.com/gcf-v2-uploads-695896224174-europe-west1/0d64e124-dc07-44b5-9393-b911bc7a38f0.zip?GoogleAccessId=service-695896224174@gcf-admin-robot.iam.gserviceaccount.com&Expires=1714216830&Signature=Yx7tuQn%2BYRBzrduR%2BrwlNah9BO75KNYA8KQ5rqIWG8UtFv3mSQMhwNDXSfrHEWS4R%2BnazlXeN0CRe9gY%2FEU3YjkqDW7tuCaRcfV2tgfydu2Q2h%2B4X1YWig2AJDeNP9BVNvsHupmEYUu9Hd7jXKvjNE9zkik7jl4aGeN3z6vQULdgeSSVnCmRvW9FfN4UqwrJ7%2B0zvZiwFTwjIpSUiXOiQncXCc2q%2Bxi3VlVAl4tWx4oxBQF6szbk5Ukd8cPenPGAdV1c0J1kK9F9vAuEGTzTUknTB8qXOMdfOpU74FQKusugTF%2BPfswBVdEePzBbPdx4IKuO2ZnSF1IoC9xHcYb2QQ%3D%3D","storageSource":{"bucket":"gcf-v2-uploads-695896224174-europe-west1","object":"0d64e124-dc07-44b5-9393-b911bc7a38f0.zip"}}
[debug] [2024-04-27T10:50:30.986Z] >>> [apiv2][query] PUT https://storage.googleapis.com/gcf-v2-uploads-695896224174-europe-west1/0d64e124-dc07-44b5-9393-b911bc7a38f0.zip GoogleAccessId=service-695896224174%40gcf-admin-robot.iam.gserviceaccount.com&Expires=1714216830&Signature=Yx7tuQn%2BYRBzrduR%2BrwlNah9BO75KNYA8KQ5rqIWG8UtFv3mSQMhwNDXSfrHEWS4R%2BnazlXeN0CRe9gY%2FEU3YjkqDW7tuCaRcfV2tgfydu2Q2h%2B4X1YWig2AJDeNP9BVNvsHupmEYUu9Hd7jXKvjNE9zkik7jl4aGeN3z6vQULdgeSSVnCmRvW9FfN4UqwrJ7%2B0zvZiwFTwjIpSUiXOiQncXCc2q%2Bxi3VlVAl4tWx4oxBQF6szbk5Ukd8cPenPGAdV1c0J1kK9F9vAuEGTzTUknTB8qXOMdfOpU74FQKusugTF%2BPfswBVdEePzBbPdx4IKuO2ZnSF1IoC9xHcYb2QQ%3D%3D
[debug] [2024-04-27T10:50:30.986Z] >>> [apiv2][body] PUT https://storage.googleapis.com/gcf-v2-uploads-695896224174-europe-west1/0d64e124-dc07-44b5-9393-b911bc7a38f0.zip [stream]
[debug] [2024-04-27T10:50:31.389Z] <<< [apiv2][status] PUT https://storage.googleapis.com/gcf-v2-uploads-695896224174-europe-west1/0d64e124-dc07-44b5-9393-b911bc7a38f0.zip 200
[debug] [2024-04-27T10:50:31.389Z] <<< [apiv2][body] PUT https://storage.googleapis.com/gcf-v2-uploads-695896224174-europe-west1/0d64e124-dc07-44b5-9393-b911bc7a38f0.zip [omitted]
[info] ✔  functions: functions folder uploaded successfully 
[info] 
The following functions are found in your project but do not exist in your local source code:
	extractText(us-central1)

If you are renaming a function or changing its region, it is recommended that you create the new function first before deleting the old one to prevent event loss. For more info, visit https://firebase.google.com/docs/functions/manage-functions#modify

[info] i  functions: creating Node.js 18 (2nd Gen) function extractText(europe-west1)... 
[info] i  functions: deleting Node.js 18 (2nd Gen) function extractText(us-central1)... 
[debug] [2024-04-27T10:51:37.070Z] >>> [apiv2][query] POST https://cloudfunctions.googleapis.com/v2/projects/notesreader11/locations/europe-west1/functions functionId=extractText
[debug] [2024-04-27T10:51:37.071Z] >>> [apiv2][body] POST https://cloudfunctions.googleapis.com/v2/projects/notesreader11/locations/europe-west1/functions {"name":"projects/notesreader11/locations/europe-west1/functions/extractText","buildConfig":{"runtime":"nodejs18","entryPoint":"extractText","source":{"storageSource":{"bucket":"gcf-v2-uploads-695896224174-europe-west1","object":"0d64e124-dc07-44b5-9393-b911bc7a38f0.zip"}},"environmentVariables":{"GOOGLE_NODE_RUN_SCRIPTS":""}},"serviceConfig":{"environmentVariables":{"FIREBASE_CONFIG":"{\"projectId\":\"notesreader11\",\"storageBucket\":\"notesreader11.appspot.com\"}","GCLOUD_PROJECT":"notesreader11","EVENTARC_CLOUD_EVENT_SOURCE":"projects/notesreader11/locations/europe-west1/services/extractText","FUNCTION_TARGET":"extractText"},"ingressSettings":null,"timeoutSeconds":null,"serviceAccountEmail":null,"availableMemory":"256Mi","minInstanceCount":null,"maxInstanceCount":null,"maxInstanceRequestConcurrency":80,"availableCpu":"1","vpcConnector":null,"vpcConnectorEgressSettings":null},"labels":{"deployment-tool":"cli-firebase","firebase-functions-hash":"94ca94ea69d7c7e101a7fb11f1f854c048662314"}}
[debug] [2024-04-27T10:51:37.077Z] >>> [apiv2][query] DELETE https://cloudfunctions.googleapis.com/v2/projects/notesreader11/locations/us-central1/functions/extractText [none]
[debug] [2024-04-27T10:51:37.948Z] <<< [apiv2][status] DELETE https://cloudfunctions.googleapis.com/v2/projects/notesreader11/locations/us-central1/functions/extractText 200
[debug] [2024-04-27T10:51:37.949Z] <<< [apiv2][body] DELETE https://cloudfunctions.googleapis.com/v2/projects/notesreader11/locations/us-central1/functions/extractText {"name":"projects/notesreader11/locations/us-central1/operations/operation-1714215097822-61711cdf96c9e-ec8ca7f3-11145602","metadata":{"@type":"type.googleapis.com/google.cloud.functions.v2.OperationMetadata","createTime":"2024-04-27T10:51:37.847188700Z","target":"projects/notesreader11/locations/us-central1/functions/extractText","verb":"delete","cancelRequested":false,"apiVersion":"v2"},"done":false}
[debug] [2024-04-27T10:51:37.951Z] >>> [apiv2][query] GET https://cloudfunctions.googleapis.com/v2/projects/notesreader11/locations/us-central1/operations/operation-1714215097822-61711cdf96c9e-ec8ca7f3-11145602 [none]
[debug] [2024-04-27T10:51:38.022Z] <<< [apiv2][status] POST https://cloudfunctions.googleapis.com/v2/projects/notesreader11/locations/europe-west1/functions 200
[debug] [2024-04-27T10:51:38.023Z] <<< [apiv2][body] POST https://cloudfunctions.googleapis.com/v2/projects/notesreader11/locations/europe-west1/functions {"name":"projects/notesreader11/locations/europe-west1/operations/operation-1714215097259-61711cdf0d441-72d166a5-eb30589a","metadata":{"@type":"type.googleapis.com/google.cloud.functions.v2.OperationMetadata","createTime":"2024-04-27T10:51:37.990749249Z","target":"projects/notesreader11/locations/europe-west1/functions/extractText","verb":"create","cancelRequested":false,"apiVersion":"v2"},"done":false}
[debug] [2024-04-27T10:51:38.024Z] >>> [apiv2][query] GET https://cloudfunctions.googleapis.com/v2/projects/notesreader11/locations/europe-west1/operations/operation-1714215097259-61711cdf0d441-72d166a5-eb30589a [none]
[debug] [2024-04-27T10:51:38.129Z] <<< [apiv2][status] GET https://cloudfunctions.googleapis.com/v2/projects/notesreader11/locations/europe-west1/operations/operation-1714215097259-61711cdf0d441-72d166a5-eb30589a 200
[debug] [2024-04-27T10:51:38.129Z] <<< [apiv2][body] GET https://cloudfunctions.googleapis.com/v2/projects/notesreader11/locations/europe-west1/operations/operation-1714215097259-61711cdf0d441-72d166a5-eb30589a {"name":"projects/notesreader11/locations/europe-west1/operations/operation-1714215097259-61711cdf0d441-72d166a5-eb30589a","metadata":{"@type":"type.googleapis.com/google.cloud.functions.v2.OperationMetadata","createTime":"2024-04-27T10:51:37.990749249Z","target":"projects/notesreader11/locations/europe-west1/functions/extractText","verb":"create","cancelRequested":false,"apiVersion":"v2"},"done":false}
[debug] [2024-04-27T10:51:38.630Z] [create-default-europe-west1-extractText] Retrying task index 0
[debug] [2024-04-27T10:51:38.633Z] >>> [apiv2][query] GET https://cloudfunctions.googleapis.com/v2/projects/notesreader11/locations/europe-west1/operations/operation-1714215097259-61711cdf0d441-72d166a5-eb30589a [none]
[debug] [2024-04-27T10:51:38.680Z] <<< [apiv2][status] GET https://cloudfunctions.googleapis.com/v2/projects/notesreader11/locations/us-central1/operations/operation-1714215097822-61711cdf96c9e-ec8ca7f3-11145602 200
[debug] [2024-04-27T10:51:38.680Z] <<< [apiv2][body] GET https://cloudfunctions.googleapis.com/v2/projects/notesreader11/locations/us-central1/operations/operation-1714215097822-61711cdf96c9e-ec8ca7f3-11145602 {"name":"projects/notesreader11/locations/us-central1/operations/operation-1714215097822-61711cdf96c9e-ec8ca7f3-11145602","metadata":{"@type":"type.googleapis.com/google.cloud.functions.v2.OperationMetadata","createTime":"2024-04-27T10:51:37.847188700Z","target":"projects/notesreader11/locations/us-central1/functions/extractText","verb":"delete","cancelRequested":false,"apiVersion":"v2","requestResource":{"@type":"type.googleapis.com/google.cloud.functions.v2.Function","name":"projects/notesreader11/locations/us-central1/functions/extractText","environment":"GEN_2"},"stages":[{"name":"ARTIFACT_REGISTRY","state":"NOT_STARTED"},{"name":"SERVICE","message":"Deleting Cloud Run service","state":"IN_PROGRESS","resource":"projects/notesreader11/locations/us-central1/services/extracttext"}],"operationType":"DELETE_FUNCTION"},"done":false}
[debug] [2024-04-27T10:51:38.746Z] <<< [apiv2][status] GET https://cloudfunctions.googleapis.com/v2/projects/notesreader11/locations/europe-west1/operations/operation-1714215097259-61711cdf0d441-72d166a5-eb30589a 200
[debug] [2024-04-27T10:51:38.747Z] <<< [apiv2][body] GET https://cloudfunctions.googleapis.com/v2/projects/notesreader11/locations/europe-west1/operations/operation-1714215097259-61711cdf0d441-72d166a5-eb30589a {"name":"projects/notesreader11/locations/europe-west1/operations/operation-1714215097259-61711cdf0d441-72d166a5-eb30589a","metadata":{"@type":"type.googleapis.com/google.cloud.functions.v2.OperationMetadata","createTime":"2024-04-27T10:51:37.990749249Z","target":"projects/notesreader11/locations/europe-west1/functions/extractText","verb":"create","cancelRequested":false,"apiVersion":"v2","requestResource":{"@type":"type.googleapis.com/google.cloud.functions.v2.Function","name":"projects/notesreader11/locations/europe-west1/functions/extractText","buildConfig":{"runtime":"nodejs18","entryPoint":"extractText","source":{"storageSource":{"bucket":"gcf-v2-sources-695896224174-europe-west1","object":"extractText/function-source.zip","generation":"1714215097636297"}},"environmentVariables":{"GOOGLE_NODE_RUN_SCRIPTS":""}},"serviceConfig":{"service":"projects/notesreader11/locations/europe-west1/services/extracttext","timeoutSeconds":60,"environmentVariables":{"FIREBASE_CONFIG":"{\"projectId\":\"notesreader11\",\"storageBucket\":\"notesreader11.appspot.com\"}","GCLOUD_PROJECT":"notesreader11","EVENTARC_CLOUD_EVENT_SOURCE":"projects/notesreader11/locations/europe-west1/services/extractText","FUNCTION_TARGET":"extractText"},"ingressSettings":"ALLOW_ALL","serviceAccountEmail":"695896224174-compute@developer.gserviceaccount.com","availableMemory":"256Mi","maxInstanceRequestConcurrency":80,"availableCpu":"1"},"labels":{"deployment-tool":"cli-firebase","firebase-functions-hash":"94ca94ea69d7c7e101a7fb11f1f854c048662314"},"environment":"GEN_2"},"stages":[{"name":"BUILD","state":"NOT_STARTED"},{"name":"SERVICE","state":"NOT_STARTED"}],"operationType":"CREATE_FUNCTION"},"done":false}
[debug] [2024-04-27T10:51:39.182Z] [delete-default-us-central1-extractText] Retrying task index 0
[debug] [2024-04-27T10:51:39.183Z] >>> [apiv2][query] GET https://cloudfunctions.googleapis.com/v2/projects/notesreader11/locations/us-central1/operations/operation-1714215097822-61711cdf96c9e-ec8ca7f3-11145602 [none]
[debug] [2024-04-27T10:51:39.748Z] [create-default-europe-west1-extractText] Retrying task index 0
[debug] [2024-04-27T10:51:39.749Z] >>> [apiv2][query] GET https://cloudfunctions.googleapis.com/v2/projects/notesreader11/locations/europe-west1/operations/operation-1714215097259-61711cdf0d441-72d166a5-eb30589a [none]
[debug] [2024-04-27T10:51:39.843Z] <<< [apiv2][status] GET https://cloudfunctions.googleapis.com/v2/projects/notesreader11/locations/europe-west1/operations/operation-1714215097259-61711cdf0d441-72d166a5-eb30589a 200
[debug] [2024-04-27T10:51:39.844Z] <<< [apiv2][body] GET https://cloudfunctions.googleapis.com/v2/projects/notesreader11/locations/europe-west1/operations/operation-1714215097259-61711cdf0d441-72d166a5-eb30589a {"name":"projects/notesreader11/locations/europe-west1/operations/operation-1714215097259-61711cdf0d441-72d166a5-eb30589a","metadata":{"@type":"type.googleapis.com/google.cloud.functions.v2.OperationMetadata","createTime":"2024-04-27T10:51:37.990749249Z","target":"projects/notesreader11/locations/europe-west1/functions/extractText","verb":"create","cancelRequested":false,"apiVersion":"v2","requestResource":{"@type":"type.googleapis.com/google.cloud.functions.v2.Function","name":"projects/notesreader11/locations/europe-west1/functions/extractText","buildConfig":{"runtime":"nodejs18","entryPoint":"extractText","source":{"storageSource":{"bucket":"gcf-v2-sources-695896224174-europe-west1","object":"extractText/function-source.zip","generation":"1714215097636297"}},"environmentVariables":{"GOOGLE_NODE_RUN_SCRIPTS":""}},"serviceConfig":{"service":"projects/notesreader11/locations/europe-west1/services/extracttext","timeoutSeconds":60,"environmentVariables":{"FIREBASE_CONFIG":"{\"projectId\":\"notesreader11\",\"storageBucket\":\"notesreader11.appspot.com\"}","GCLOUD_PROJECT":"notesreader11","EVENTARC_CLOUD_EVENT_SOURCE":"projects/notesreader11/locations/europe-west1/services/extractText","FUNCTION_TARGET":"extractText"},"ingressSettings":"ALLOW_ALL","serviceAccountEmail":"695896224174-compute@developer.gserviceaccount.com","availableMemory":"256Mi","maxInstanceRequestConcurrency":80,"availableCpu":"1"},"labels":{"deployment-tool":"cli-firebase","firebase-functions-hash":"94ca94ea69d7c7e101a7fb11f1f854c048662314"},"environment":"GEN_2"},"stages":[{"name":"BUILD","message":"Build in progress","state":"IN_PROGRESS","resource":"projects/695896224174/locations/europe-west1/builds/4124c06f-170a-4686-8b7c-ccb8405b4844","resourceUri":"https://console.cloud.google.com/cloud-build/builds;region=europe-west1/4124c06f-170a-4686-8b7c-ccb8405b4844?project=695896224174"},{"name":"SERVICE","state":"NOT_STARTED"}],"operationType":"CREATE_FUNCTION"},"done":false}
[debug] [2024-04-27T10:51:40.099Z] <<< [apiv2][status] GET https://cloudfunctions.googleapis.com/v2/projects/notesreader11/locations/us-central1/operations/operation-1714215097822-61711cdf96c9e-ec8ca7f3-11145602 200
[debug] [2024-04-27T10:51:40.100Z] <<< [apiv2][body] GET https://cloudfunctions.googleapis.com/v2/projects/notesreader11/locations/us-central1/operations/operation-1714215097822-61711cdf96c9e-ec8ca7f3-11145602 {"name":"projects/notesreader11/locations/us-central1/operations/operation-1714215097822-61711cdf96c9e-ec8ca7f3-11145602","metadata":{"@type":"type.googleapis.com/google.cloud.functions.v2.OperationMetadata","createTime":"2024-04-27T10:51:37.847188700Z","endTime":"2024-04-27T10:51:39.370157009Z","target":"projects/notesreader11/locations/us-central1/functions/extractText","verb":"delete","cancelRequested":false,"apiVersion":"v2","requestResource":{"@type":"type.googleapis.com/google.cloud.functions.v2.Function","name":"projects/notesreader11/locations/us-central1/functions/extractText","environment":"GEN_2"},"stages":[{"name":"ARTIFACT_REGISTRY","message":"Deleting function artifacts in Artifact Registry","state":"COMPLETE"},{"name":"SERVICE","message":"Deleting Cloud Run service","state":"COMPLETE","resource":"projects/notesreader11/locations/us-central1/services/extracttext"}],"operationType":"DELETE_FUNCTION"},"done":true,"response":{"@type":"type.googleapis.com/google.protobuf.Empty"}}
[info] ✔  functions[extractText(us-central1)] Successful delete operation. 
[debug] [2024-04-27T10:51:41.846Z] [create-default-europe-west1-extractText] Retrying task index 0
[debug] [2024-04-27T10:51:41.847Z] >>> [apiv2][query] GET https://cloudfunctions.googleapis.com/v2/projects/notesreader11/locations/europe-west1/operations/operation-1714215097259-61711cdf0d441-72d166a5-eb30589a [none]
[debug] [2024-04-27T10:51:41.938Z] <<< [apiv2][status] GET https://cloudfunctions.googleapis.com/v2/projects/notesreader11/locations/europe-west1/operations/operation-1714215097259-61711cdf0d441-72d166a5-eb30589a 200
[debug] [2024-04-27T10:51:41.939Z] <<< [apiv2][body] GET https://cloudfunctions.googleapis.com/v2/projects/notesreader11/locations/europe-west1/operations/operation-1714215097259-61711cdf0d441-72d166a5-eb30589a {"name":"projects/notesreader11/locations/europe-west1/operations/operation-1714215097259-61711cdf0d441-72d166a5-eb30589a","metadata":{"@type":"type.googleapis.com/google.cloud.functions.v2.OperationMetadata","createTime":"2024-04-27T10:51:37.990749249Z","target":"projects/notesreader11/locations/europe-west1/functions/extractText","verb":"create","cancelRequested":false,"apiVersion":"v2","requestResource":{"@type":"type.googleapis.com/google.cloud.functions.v2.Function","name":"projects/notesreader11/locations/europe-west1/functions/extractText","buildConfig":{"runtime":"nodejs18","entryPoint":"extractText","source":{"storageSource":{"bucket":"gcf-v2-sources-695896224174-europe-west1","object":"extractText/function-source.zip","generation":"1714215097636297"}},"environmentVariables":{"GOOGLE_NODE_RUN_SCRIPTS":""}},"serviceConfig":{"service":"projects/notesreader11/locations/europe-west1/services/extracttext","timeoutSeconds":60,"environmentVariables":{"FIREBASE_CONFIG":"{\"projectId\":\"notesreader11\",\"storageBucket\":\"notesreader11.appspot.com\"}","GCLOUD_PROJECT":"notesreader11","EVENTARC_CLOUD_EVENT_SOURCE":"projects/notesreader11/locations/europe-west1/services/extractText","FUNCTION_TARGET":"extractText"},"ingressSettings":"ALLOW_ALL","serviceAccountEmail":"695896224174-compute@developer.gserviceaccount.com","availableMemory":"256Mi","maxInstanceRequestConcurrency":80,"availableCpu":"1"},"labels":{"deployment-tool":"cli-firebase","firebase-functions-hash":"94ca94ea69d7c7e101a7fb11f1f854c048662314"},"environment":"GEN_2"},"stages":[{"name":"BUILD","message":"Build in progress","state":"IN_PROGRESS","resource":"projects/695896224174/locations/europe-west1/builds/4124c06f-170a-4686-8b7c-ccb8405b4844","resourceUri":"https://console.cloud.google.com/cloud-build/builds;region=europe-west1/4124c06f-170a-4686-8b7c-ccb8405b4844?project=695896224174"},{"name":"SERVICE","state":"NOT_STARTED"}],"operationType":"CREATE_FUNCTION"},"done":false}
[debug] [2024-04-27T10:51:45.940Z] [create-default-europe-west1-extractText] Retrying task index 0
[debug] [2024-04-27T10:51:45.941Z] >>> [apiv2][query] GET https://cloudfunctions.googleapis.com/v2/projects/notesreader11/locations/europe-west1/operations/operation-1714215097259-61711cdf0d441-72d166a5-eb30589a [none]
[debug] [2024-04-27T10:51:46.030Z] <<< [apiv2][status] GET https://cloudfunctions.googleapis.com/v2/projects/notesreader11/locations/europe-west1/operations/operation-1714215097259-61711cdf0d441-72d166a5-eb30589a 200
[debug] [2024-04-27T10:51:46.030Z] <<< [apiv2][body] GET https://cloudfunctions.googleapis.com/v2/projects/notesreader11/locations/europe-west1/operations/operation-1714215097259-61711cdf0d441-72d166a5-eb30589a {"name":"projects/notesreader11/locations/europe-west1/operations/operation-1714215097259-61711cdf0d441-72d166a5-eb30589a","metadata":{"@type":"type.googleapis.com/google.cloud.functions.v2.OperationMetadata","createTime":"2024-04-27T10:51:37.990749249Z","target":"projects/notesreader11/locations/europe-west1/functions/extractText","verb":"create","cancelRequested":false,"apiVersion":"v2","requestResource":{"@type":"type.googleapis.com/google.cloud.functions.v2.Function","name":"projects/notesreader11/locations/europe-west1/functions/extractText","buildConfig":{"runtime":"nodejs18","entryPoint":"extractText","source":{"storageSource":{"bucket":"gcf-v2-sources-695896224174-europe-west1","object":"extractText/function-source.zip","generation":"1714215097636297"}},"environmentVariables":{"GOOGLE_NODE_RUN_SCRIPTS":""}},"serviceConfig":{"service":"projects/notesreader11/locations/europe-west1/services/extracttext","timeoutSeconds":60,"environmentVariables":{"FIREBASE_CONFIG":"{\"projectId\":\"notesreader11\",\"storageBucket\":\"notesreader11.appspot.com\"}","GCLOUD_PROJECT":"notesreader11","EVENTARC_CLOUD_EVENT_SOURCE":"projects/notesreader11/locations/europe-west1/services/extractText","FUNCTION_TARGET":"extractText"},"ingressSettings":"ALLOW_ALL","serviceAccountEmail":"695896224174-compute@developer.gserviceaccount.com","availableMemory":"256Mi","maxInstanceRequestConcurrency":80,"availableCpu":"1"},"labels":{"deployment-tool":"cli-firebase","firebase-functions-hash":"94ca94ea69d7c7e101a7fb11f1f854c048662314"},"environment":"GEN_2"},"stages":[{"name":"BUILD","message":"Build in progress","state":"IN_PROGRESS","resource":"projects/695896224174/locations/europe-west1/builds/4124c06f-170a-4686-8b7c-ccb8405b4844","resourceUri":"https://console.cloud.google.com/cloud-build/builds;region=europe-west1/4124c06f-170a-4686-8b7c-ccb8405b4844?project=695896224174"},{"name":"SERVICE","state":"NOT_STARTED"}],"operationType":"CREATE_FUNCTION"},"done":false}
[debug] [2024-04-27T10:51:54.032Z] [create-default-europe-west1-extractText] Retrying task index 0
[debug] [2024-04-27T10:51:54.033Z] >>> [apiv2][query] GET https://cloudfunctions.googleapis.com/v2/projects/notesreader11/locations/europe-west1/operations/operation-1714215097259-61711cdf0d441-72d166a5-eb30589a [none]
[debug] [2024-04-27T10:51:54.181Z] <<< [apiv2][status] GET https://cloudfunctions.googleapis.com/v2/projects/notesreader11/locations/europe-west1/operations/operation-1714215097259-61711cdf0d441-72d166a5-eb30589a 200
[debug] [2024-04-27T10:51:54.182Z] <<< [apiv2][body] GET https://cloudfunctions.googleapis.com/v2/projects/notesreader11/locations/europe-west1/operations/operation-1714215097259-61711cdf0d441-72d166a5-eb30589a {"name":"projects/notesreader11/locations/europe-west1/operations/operation-1714215097259-61711cdf0d441-72d166a5-eb30589a","metadata":{"@type":"type.googleapis.com/google.cloud.functions.v2.OperationMetadata","createTime":"2024-04-27T10:51:37.990749249Z","target":"projects/notesreader11/locations/europe-west1/functions/extractText","verb":"create","cancelRequested":false,"apiVersion":"v2","requestResource":{"@type":"type.googleapis.com/google.cloud.functions.v2.Function","name":"projects/notesreader11/locations/europe-west1/functions/extractText","buildConfig":{"runtime":"nodejs18","entryPoint":"extractText","source":{"storageSource":{"bucket":"gcf-v2-sources-695896224174-europe-west1","object":"extractText/function-source.zip","generation":"1714215097636297"}},"environmentVariables":{"GOOGLE_NODE_RUN_SCRIPTS":""}},"serviceConfig":{"service":"projects/notesreader11/locations/europe-west1/services/extracttext","timeoutSeconds":60,"environmentVariables":{"FIREBASE_CONFIG":"{\"projectId\":\"notesreader11\",\"storageBucket\":\"notesreader11.appspot.com\"}","GCLOUD_PROJECT":"notesreader11","EVENTARC_CLOUD_EVENT_SOURCE":"projects/notesreader11/locations/europe-west1/services/extractText","FUNCTION_TARGET":"extractText"},"ingressSettings":"ALLOW_ALL","serviceAccountEmail":"695896224174-compute@developer.gserviceaccount.com","availableMemory":"256Mi","maxInstanceRequestConcurrency":80,"availableCpu":"1"},"labels":{"deployment-tool":"cli-firebase","firebase-functions-hash":"94ca94ea69d7c7e101a7fb11f1f854c048662314"},"environment":"GEN_2"},"stages":[{"name":"BUILD","message":"Build in progress","state":"IN_PROGRESS","resource":"projects/695896224174/locations/europe-west1/builds/4124c06f-170a-4686-8b7c-ccb8405b4844","resourceUri":"https://console.cloud.google.com/cloud-build/builds;region=europe-west1/4124c06f-170a-4686-8b7c-ccb8405b4844?project=695896224174"},{"name":"SERVICE","state":"NOT_STARTED"}],"operationType":"CREATE_FUNCTION"},"done":false}
